1734414780.406190 client started (70251): version 3.5a, socket /private/tmp/tmux-501/default, protocol 8
1734414780.406314 on Darwin 23.6.0 Darwin Kernel Version 23.6.0: Mon Jul 29 21:14:21 PDT 2024; root:xnu-10063.141.2~1/RELEASE_ARM64_T8103
1734414780.406336 using libevent 2.1.12-stable select
1734414780.406353 using utf8proc 2.9.0
1734414780.406363 using ncurses 6.5 20240427
1734414780.406391 flags are 0x10010000
1734414780.406402 socket is /private/tmp/tmux-501/default
1734414780.406421 trying connect
1734414780.406486 add peer 0x138048000: 6 (0x0)
1734414780.409757 sending message 111 to peer 0x138048000 (8 bytes)
1734414780.409809 sending message 111 to peer 0x138048000 (8 bytes)
1734414780.409820 sending message 101 to peer 0x138048000 (14 bytes)
1734414780.409830 sending message 109 to peer 0x138048000 (4 bytes)
1734414780.409840 sending message 102 to peer 0x138048000 (13 bytes)
1734414780.409850 sending message 108 to peer 0x138048000 (33 bytes)
1734414780.409860 sending message 112 to peer 0x138048000 (70 bytes)
1734414780.409870 sending message 112 to peer 0x138048000 (5 bytes)
1734414780.409879 sending message 112 to peer 0x138048000 (5 bytes)
1734414780.409889 sending message 112 to peer 0x138048000 (6 bytes)
1734414780.409898 sending message 112 to peer 0x138048000 (6 bytes)
1734414780.409908 sending message 112 to peer 0x138048000 (11 bytes)
1734414780.409918 sending message 112 to peer 0x138048000 (10 bytes)
1734414780.409928 sending message 112 to peer 0x138048000 (13 bytes)
1734414780.409937 sending message 112 to peer 0x138048000 (13 bytes)
1734414780.409947 sending message 112 to peer 0x138048000 (18 bytes)
1734414780.409956 sending message 112 to peer 0x138048000 (11 bytes)
1734414780.409966 sending message 112 to peer 0x138048000 (10 bytes)
1734414780.409975 sending message 112 to peer 0x138048000 (15 bytes)
1734414780.409985 sending message 112 to peer 0x138048000 (21 bytes)
1734414780.409994 sending message 112 to peer 0x138048000 (13 bytes)
1734414780.410004 sending message 112 to peer 0x138048000 (7 bytes)
1734414780.410014 sending message 112 to peer 0x138048000 (13 bytes)
1734414780.410023 sending message 112 to peer 0x138048000 (7 bytes)
1734414780.410033 sending message 112 to peer 0x138048000 (13 bytes)
1734414780.410042 sending message 112 to peer 0x138048000 (9 bytes)
1734414780.410052 sending message 112 to peer 0x138048000 (21 bytes)
1734414780.410061 sending message 112 to peer 0x138048000 (13 bytes)
1734414780.410071 sending message 112 to peer 0x138048000 (8 bytes)
1734414780.410080 sending message 112 to peer 0x138048000 (12 bytes)
1734414780.410090 sending message 112 to peer 0x138048000 (13 bytes)
1734414780.410099 sending message 112 to peer 0x138048000 (9 bytes)
1734414780.410109 sending message 112 to peer 0x138048000 (9 bytes)
1734414780.410118 sending message 112 to peer 0x138048000 (12 bytes)
1734414780.410128 sending message 112 to peer 0x138048000 (8 bytes)
1734414780.410137 sending message 112 to peer 0x138048000 (8 bytes)
1734414780.410147 sending message 112 to peer 0x138048000 (7 bytes)
1734414780.410156 sending message 112 to peer 0x138048000 (7 bytes)
1734414780.410166 sending message 112 to peer 0x138048000 (9 bytes)
1734414780.410176 sending message 112 to peer 0x138048000 (13 bytes)
1734414780.410185 sending message 112 to peer 0x138048000 (6 bytes)
1734414780.410195 sending message 112 to peer 0x138048000 (9 bytes)
1734414780.410204 sending message 112 to peer 0x138048000 (15 bytes)
1734414780.410214 sending message 112 to peer 0x138048000 (13 bytes)
1734414780.410223 sending message 112 to peer 0x138048000 (12 bytes)
1734414780.410233 sending message 112 to peer 0x138048000 (8 bytes)
1734414780.410242 sending message 112 to peer 0x138048000 (14 bytes)
1734414780.410252 sending message 112 to peer 0x138048000 (11 bytes)
1734414780.410261 sending message 112 to peer 0x138048000 (9 bytes)
1734414780.410271 sending message 112 to peer 0x138048000 (10 bytes)
1734414780.410280 sending message 112 to peer 0x138048000 (10 bytes)
1734414780.410290 sending message 112 to peer 0x138048000 (10 bytes)
1734414780.410326 sending message 112 to peer 0x138048000 (10 bytes)
1734414780.410333 sending message 112 to peer 0x138048000 (11 bytes)
1734414780.410340 sending message 112 to peer 0x138048000 (12 bytes)
1734414780.410346 sending message 112 to peer 0x138048000 (12 bytes)
1734414780.410353 sending message 112 to peer 0x138048000 (12 bytes)
1734414780.410359 sending message 112 to peer 0x138048000 (12 bytes)
1734414780.410366 sending message 112 to peer 0x138048000 (12 bytes)
1734414780.410372 sending message 112 to peer 0x138048000 (11 bytes)
1734414780.410379 sending message 112 to peer 0x138048000 (11 bytes)
1734414780.410386 sending message 112 to peer 0x138048000 (12 bytes)
1734414780.410392 sending message 112 to peer 0x138048000 (12 bytes)
1734414780.410399 sending message 112 to peer 0x138048000 (12 bytes)
1734414780.410405 sending message 112 to peer 0x138048000 (12 bytes)
1734414780.410412 sending message 112 to peer 0x138048000 (12 bytes)
1734414780.410418 sending message 112 to peer 0x138048000 (10 bytes)
1734414780.410425 sending message 112 to peer 0x138048000 (12 bytes)
1734414780.410431 sending message 112 to peer 0x138048000 (13 bytes)
1734414780.410438 sending message 112 to peer 0x138048000 (13 bytes)
1734414780.410444 sending message 112 to peer 0x138048000 (13 bytes)
1734414780.410451 sending message 112 to peer 0x138048000 (13 bytes)
1734414780.410457 sending message 112 to peer 0x138048000 (13 bytes)
1734414780.410464 sending message 112 to peer 0x138048000 (8 bytes)
1734414780.410470 sending message 112 to peer 0x138048000 (11 bytes)
1734414780.410476 sending message 112 to peer 0x138048000 (11 bytes)
1734414780.410483 sending message 112 to peer 0x138048000 (11 bytes)
1734414780.410490 sending message 112 to peer 0x138048000 (12 bytes)
1734414780.410496 sending message 112 to peer 0x138048000 (12 bytes)
1734414780.410502 sending message 112 to peer 0x138048000 (12 bytes)
1734414780.410509 sending message 112 to peer 0x138048000 (12 bytes)
1734414780.410516 sending message 112 to peer 0x138048000 (13 bytes)
1734414780.410522 sending message 112 to peer 0x138048000 (13 bytes)
1734414780.410528 sending message 112 to peer 0x138048000 (13 bytes)
1734414780.410535 sending message 112 to peer 0x138048000 (8 bytes)
1734414780.410542 sending message 112 to peer 0x138048000 (13 bytes)
1734414780.410548 sending message 112 to peer 0x138048000 (13 bytes)
1734414780.410554 sending message 112 to peer 0x138048000 (13 bytes)
1734414780.410561 sending message 112 to peer 0x138048000 (13 bytes)
1734414780.410567 sending message 112 to peer 0x138048000 (13 bytes)
1734414780.410574 sending message 112 to peer 0x138048000 (12 bytes)
1734414780.410580 sending message 112 to peer 0x138048000 (12 bytes)
1734414780.410587 sending message 112 to peer 0x138048000 (12 bytes)
1734414780.410594 sending message 112 to peer 0x138048000 (12 bytes)
1734414780.410600 sending message 112 to peer 0x138048000 (13 bytes)
1734414780.410606 sending message 112 to peer 0x138048000 (8 bytes)
1734414780.410613 sending message 112 to peer 0x138048000 (13 bytes)
1734414780.410619 sending message 112 to peer 0x138048000 (13 bytes)
1734414780.410626 sending message 112 to peer 0x138048000 (13 bytes)
1734414780.410632 sending message 112 to peer 0x138048000 (13 bytes)
1734414780.410639 sending message 112 to peer 0x138048000 (13 bytes)
1734414780.410645 sending message 112 to peer 0x138048000 (13 bytes)
1734414780.410652 sending message 112 to peer 0x138048000 (13 bytes)
1734414780.410658 sending message 112 to peer 0x138048000 (12 bytes)
1734414780.410665 sending message 112 to peer 0x138048000 (12 bytes)
1734414780.410671 sending message 112 to peer 0x138048000 (12 bytes)
1734414780.410678 sending message 112 to peer 0x138048000 (8 bytes)
1734414780.410684 sending message 112 to peer 0x138048000 (12 bytes)
1734414780.410691 sending message 112 to peer 0x138048000 (13 bytes)
1734414780.410697 sending message 112 to peer 0x138048000 (13 bytes)
1734414780.410704 sending message 112 to peer 0x138048000 (13 bytes)
1734414780.410710 sending message 112 to peer 0x138048000 (13 bytes)
1734414780.410728 sending message 112 to peer 0x138048000 (13 bytes)
1734414780.410734 sending message 112 to peer 0x138048000 (13 bytes)
1734414780.410741 sending message 112 to peer 0x138048000 (13 bytes)
1734414780.410747 sending message 112 to peer 0x138048000 (13 bytes)
1734414780.410754 sending message 112 to peer 0x138048000 (12 bytes)
1734414780.410760 sending message 112 to peer 0x138048000 (10 bytes)
1734414780.410767 sending message 112 to peer 0x138048000 (12 bytes)
1734414780.410774 sending message 112 to peer 0x138048000 (12 bytes)
1734414780.410780 sending message 112 to peer 0x138048000 (12 bytes)
1734414780.410787 sending message 112 to peer 0x138048000 (13 bytes)
1734414780.410793 sending message 112 to peer 0x138048000 (13 bytes)
1734414780.410800 sending message 112 to peer 0x138048000 (13 bytes)
1734414780.410806 sending message 112 to peer 0x138048000 (13 bytes)
1734414780.410813 sending message 112 to peer 0x138048000 (13 bytes)
1734414780.410819 sending message 112 to peer 0x138048000 (13 bytes)
1734414780.410826 sending message 112 to peer 0x138048000 (13 bytes)
1734414780.410832 sending message 112 to peer 0x138048000 (10 bytes)
1734414780.410839 sending message 112 to peer 0x138048000 (13 bytes)
1734414780.410846 sending message 112 to peer 0x138048000 (12 bytes)
1734414780.410852 sending message 112 to peer 0x138048000 (12 bytes)
1734414780.410858 sending message 112 to peer 0x138048000 (12 bytes)
1734414780.410865 sending message 112 to peer 0x138048000 (10 bytes)
1734414780.410871 sending message 112 to peer 0x138048000 (10 bytes)
1734414780.410878 sending message 112 to peer 0x138048000 (10 bytes)
1734414780.410885 sending message 112 to peer 0x138048000 (12 bytes)
1734414780.410891 sending message 112 to peer 0x138048000 (13 bytes)
1734414780.410898 sending message 112 to peer 0x138048000 (13 bytes)
1734414780.410904 sending message 112 to peer 0x138048000 (13 bytes)
1734414780.410911 sending message 112 to peer 0x138048000 (13 bytes)
1734414780.410917 sending message 112 to peer 0x138048000 (13 bytes)
1734414780.410924 sending message 112 to peer 0x138048000 (11 bytes)
1734414780.410930 sending message 112 to peer 0x138048000 (11 bytes)
1734414780.410937 sending message 112 to peer 0x138048000 (12 bytes)
1734414780.410943 sending message 112 to peer 0x138048000 (12 bytes)
1734414780.410950 sending message 112 to peer 0x138048000 (12 bytes)
1734414780.410956 sending message 112 to peer 0x138048000 (12 bytes)
1734414780.410963 sending message 112 to peer 0x138048000 (12 bytes)
1734414780.410970 sending message 112 to peer 0x138048000 (11 bytes)
1734414780.410976 sending message 112 to peer 0x138048000 (12 bytes)
1734414780.410983 sending message 112 to peer 0x138048000 (12 bytes)
1734414780.410989 sending message 112 to peer 0x138048000 (13 bytes)
1734414780.410996 sending message 112 to peer 0x138048000 (13 bytes)
1734414780.411002 sending message 112 to peer 0x138048000 (13 bytes)
1734414780.411009 sending message 112 to peer 0x138048000 (13 bytes)
1734414780.411015 sending message 112 to peer 0x138048000 (13 bytes)
1734414780.411022 sending message 112 to peer 0x138048000 (10 bytes)
1734414780.411028 sending message 112 to peer 0x138048000 (9 bytes)
1734414780.411035 sending message 112 to peer 0x138048000 (12 bytes)
1734414780.411041 sending message 112 to peer 0x138048000 (13 bytes)
1734414780.411048 sending message 112 to peer 0x138048000 (13 bytes)
1734414780.411054 sending message 112 to peer 0x138048000 (13 bytes)
1734414780.411061 sending message 112 to peer 0x138048000 (13 bytes)
1734414780.411067 sending message 112 to peer 0x138048000 (13 bytes)
1734414780.411074 sending message 112 to peer 0x138048000 (9 bytes)
1734414780.411081 sending message 112 to peer 0x138048000 (12 bytes)
1734414780.411087 sending message 112 to peer 0x138048000 (13 bytes)
1734414780.411094 sending message 112 to peer 0x138048000 (13 bytes)
1734414780.411100 sending message 112 to peer 0x138048000 (13 bytes)
1734414780.411107 sending message 112 to peer 0x138048000 (13 bytes)
1734414780.411123 sending message 112 to peer 0x138048000 (13 bytes)
1734414780.411129 sending message 112 to peer 0x138048000 (11 bytes)
1734414780.411136 sending message 112 to peer 0x138048000 (12 bytes)
1734414780.411142 sending message 112 to peer 0x138048000 (13 bytes)
1734414780.411149 sending message 112 to peer 0x138048000 (13 bytes)
1734414780.411156 sending message 112 to peer 0x138048000 (13 bytes)
1734414780.411162 sending message 112 to peer 0x138048000 (13 bytes)
1734414780.411168 sending message 112 to peer 0x138048000 (13 bytes)
1734414780.411175 sending message 112 to peer 0x138048000 (11 bytes)
1734414780.411182 sending message 112 to peer 0x138048000 (12 bytes)
1734414780.411188 sending message 112 to peer 0x138048000 (12 bytes)
1734414780.411195 sending message 112 to peer 0x138048000 (12 bytes)
1734414780.411201 sending message 112 to peer 0x138048000 (12 bytes)
1734414780.411208 sending message 112 to peer 0x138048000 (12 bytes)
1734414780.411214 sending message 112 to peer 0x138048000 (21 bytes)
1734414780.411221 sending message 112 to peer 0x138048000 (12 bytes)
1734414780.411227 sending message 112 to peer 0x138048000 (9 bytes)
1734414780.411234 sending message 112 to peer 0x138048000 (6 bytes)
1734414780.411241 sending message 112 to peer 0x138048000 (13 bytes)
1734414780.411247 sending message 112 to peer 0x138048000 (8 bytes)
1734414780.411256 sending message 112 to peer 0x138048000 (15 bytes)
1734414780.411262 sending message 112 to peer 0x138048000 (13 bytes)
1734414780.411270 sending message 112 to peer 0x138048000 (9 bytes)
1734414780.411277 sending message 112 to peer 0x138048000 (70 bytes)
1734414780.411284 sending message 112 to peer 0x138048000 (69 bytes)
1734414780.411290 sending message 112 to peer 0x138048000 (10 bytes)
1734414780.411297 sending message 112 to peer 0x138048000 (10 bytes)
1734414780.411303 sending message 112 to peer 0x138048000 (8 bytes)
1734414780.411310 sending message 112 to peer 0x138048000 (15 bytes)
1734414780.411316 sending message 112 to peer 0x138048000 (13 bytes)
1734414780.411323 sending message 112 to peer 0x138048000 (10 bytes)
1734414780.411329 sending message 112 to peer 0x138048000 (10 bytes)
1734414780.411337 sending message 112 to peer 0x138048000 (17 bytes)
1734414780.411343 sending message 112 to peer 0x138048000 (10 bytes)
1734414780.411350 sending message 112 to peer 0x138048000 (13 bytes)
1734414780.411356 sending message 112 to peer 0x138048000 (9 bytes)
1734414780.411363 sending message 112 to peer 0x138048000 (5 bytes)
1734414780.411370 sending message 112 to peer 0x138048000 (15 bytes)
1734414780.411383 sending message 104 to peer 0x138048000 (0 bytes)
1734414780.411391 sending message 110 to peer 0x138048000 (0 bytes)
1734414780.411398 sending message 107 to peer 0x138048000 (4 bytes)
1734414780.411407 sending message 105 to peer 0x138048000 (25 bytes)
1734414780.411414 sending message 105 to peer 0x138048000 (37 bytes)
1734414780.411421 sending message 105 to peer 0x138048000 (30 bytes)
1734414780.411428 sending message 105 to peer 0x138048000 (34 bytes)
1734414780.411435 sending message 105 to peer 0x138048000 (60 bytes)
1734414780.411441 sending message 105 to peer 0x138048000 (15 bytes)
1734414780.411448 sending message 105 to peer 0x138048000 (21 bytes)
1734414780.411455 sending message 105 to peer 0x138048000 (40 bytes)
1734414780.411462 sending message 105 to peer 0x138048000 (769 bytes)
1734414780.411470 sending message 105 to peer 0x138048000 (37 bytes)
1734414780.411476 sending message 105 to peer 0x138048000 (15 bytes)
1734414780.411484 sending message 105 to peer 0x138048000 (8 bytes)
1734414780.411491 sending message 105 to peer 0x138048000 (66 bytes)
1734414780.411497 sending message 105 to peer 0x138048000 (19 bytes)
1734414780.411504 sending message 105 to peer 0x138048000 (18 bytes)
1734414780.411511 sending message 105 to peer 0x138048000 (26 bytes)
1734414780.411517 sending message 105 to peer 0x138048000 (53 bytes)
1734414780.411524 sending message 105 to peer 0x138048000 (57 bytes)
1734414780.411549 sending message 105 to peer 0x138048000 (43 bytes)
1734414780.411557 sending message 105 to peer 0x138048000 (13 bytes)
1734414780.411565 sending message 105 to peer 0x138048000 (18 bytes)
1734414780.411573 sending message 105 to peer 0x138048000 (14 bytes)
1734414780.411581 sending message 105 to peer 0x138048000 (19 bytes)
1734414780.411589 sending message 105 to peer 0x138048000 (40 bytes)
1734414780.411597 sending message 105 to peer 0x138048000 (25 bytes)
1734414780.411605 sending message 106 to peer 0x138048000 (0 bytes)
1734414780.411754 sending message 200 to peer 0x138048000 (4 bytes)
1734414780.411773 client loop enter
1734414780.418666 peer 0x138048000 message 303
1734414780.418697 open write file 2 -
1734414780.418745 sending message 305 to peer 0x138048000 (8 bytes)
1734414780.418773 write check file 2
1734414780.419061 peer 0x138048000 message 304
1734414780.419074 write 58 to file 2
1734414780.419098 peer 0x138048000 message 203
1734414780.419111 file 2 58 bytes left
1734414780.419133 write check file 2
1734414780.419142 client loop exit
